[0130/094738.687:ERROR:process_reader_win.cc(151)] SuspendThread: Acesso negado. (0x5)
[0130/094738.721:ERROR:process_reader_win.cc(151)] SuspendThread: Acesso negado. (0x5)
[0130/094738.721:ERROR:process_reader_win.cc(123)] NtOpenThread: Foi especificado um identificador de cliente inválido. (0xc000000b)
[0130/094738.752:ERROR:process_reader_win.cc(123)] NtOpenThread: Foi especificado um identificador de cliente inválido. (0xc000000b)
[0130/094738.752:ERROR:process_reader_win.cc(123)] NtOpenThread: Foi especificado um identificador de cliente inválido. (0xc000000b)
[0130/094738.752:ERROR:process_reader_win.cc(123)] NtOpenThread: Foi especificado um identificador de cliente inválido. (0xc000000b)
[0130/094738.752:ERROR:process_reader_win.cc(123)] NtOpenThread: Foi especificado um identificador de cliente inválido. (0xc000000b)
[0130/094738.753:ERROR:process_reader_win.cc(123)] NtOpenThread: Foi especificado um identificador de cliente inválido. (0xc000000b)
[0130/094738.753:ERROR:exception_snapshot_win.cc(98)] thread ID 12904 not found in process
[0130/094738.753:ERROR:scoped_process_suspend.cc(40)] NtResumeProcess: Tentou-se acessar um processo de saída. (0xc000010a)
[0130/125137.647:ERROR:process_memory_win.cc(73)] ReadMemory at 0x20ecbba8ad0 of 72 bytes failed: Somente uma parte de um pedido ReadProcessMemory ou WriteProcessMemory foi concluída. (0x12B)
[0130/125137.669:WARNING:pe_image_annotations_reader.cc(134)] could not read annotations list object in C:\Program Files (x86)\Google\Chrome\Application\79.0.3945.130\chrome_elf.dll
[0130/125137.670:ERROR:process_memory_win.cc(73)] ReadMemory at 0x20ecbbf6e80 of 72 bytes failed: Somente uma parte de um pedido ReadProcessMemory ou WriteProcessMemory foi concluída. (0x12B)
[0130/125137.670:WARNING:pe_image_annotations_reader.cc(134)] could not read annotations list object in C:\Program Files (x86)\Google\Chrome\Application\79.0.3945.130\chrome_child.dll
[0130/125137.674:ERROR:process_memory_win.cc(73)] ReadMemory at 0x20ecd5b0000 of 64 bytes failed: Somente uma parte de um pedido ReadProcessMemory ou WriteProcessMemory foi concluída. (0x12B)
[0130/125137.674:WARNING:pe_image_reader.cc(340)] could not read dos header from C:\WINDOWS\System32\USER32.dll
[0130/125137.675:ERROR:process_memory_win.cc(73)] ReadMemory at 0x20ecbba8ad0 of 72 bytes failed: Somente uma parte de um pedido ReadProcessMemory ou WriteProcessMemory foi concluída. (0x12B)
[0130/125137.675:WARNING:pe_image_annotations_reader.cc(134)] could not read annotations list object in C:\Program Files (x86)\Google\Chrome\Application\79.0.3945.130\chrome_elf.dll
[0130/125137.677:ERROR:process_memory_win.cc(73)] ReadMemory at 0x20ecbbf6e80 of 72 bytes failed: Somente uma parte de um pedido ReadProcessMemory ou WriteProcessMemory foi concluída. (0x12B)
[0130/125137.677:WARNING:pe_image_annotations_reader.cc(134)] could not read annotations list object in C:\Program Files (x86)\Google\Chrome\Application\79.0.3945.130\chrome_child.dll
[0130/125137.681:ERROR:process_memory_win.cc(73)] ReadMemory at 0x20ecd5b0000 of 64 bytes failed: Somente uma parte de um pedido ReadProcessMemory ou WriteProcessMemory foi concluída. (0x12B)
[0130/125137.682:WARNING:pe_image_reader.cc(340)] could not read dos header from C:\WINDOWS\System32\USER32.dll
[0130/125137.737:ERROR:process_memory_win.cc(73)] ReadMemory at 0x8ce07ea000 of 90112 bytes failed: Somente uma parte de um pedido ReadProcessMemory ou WriteProcessMemory foi concluída. (0x12B)
[0130/125137.739:ERROR:process_memory_win.cc(73)] ReadMemory at 0x8ce0ffd000 of 12288 bytes failed: Somente uma parte de um pedido ReadProcessMemory ou WriteProcessMemory foi concluída. (0x12B)
[0130/125137.740:ERROR:process_memory_win.cc(73)] ReadMemory at 0x8ce17f5000 of 45056 bytes failed: Somente uma parte de um pedido ReadProcessMemory ou WriteProcessMemory foi concluída. (0x12B)
[0130/125137.741:ERROR:process_memory_win.cc(73)] ReadMemory at 0x8ce1ffc000 of 16384 bytes failed: Somente uma parte de um pedido ReadProcessMemory ou WriteProcessMemory foi concluída. (0x12B)
[0130/125137.741:ERROR:process_memory_win.cc(73)] ReadMemory at 0x8ce27fc000 of 16384 bytes failed: Somente uma parte de um pedido ReadProcessMemory ou WriteProcessMemory foi concluída. (0x12B)
[0130/125137.742:ERROR:process_memory_win.cc(73)] ReadMemory at 0x8ce2fff000 of 4096 bytes failed: Somente uma parte de um pedido ReadProcessMemory ou WriteProcessMemory foi concluída. (0x12B)
[0130/125137.743:ERROR:process_memory_win.cc(73)] ReadMemory at 0x8ce37fc000 of 16384 bytes failed: Somente uma parte de um pedido ReadProcessMemory ou WriteProcessMemory foi concluída. (0x12B)
[0130/125137.743:ERROR:process_memory_win.cc(73)] ReadMemory at 0x8ce3ffb000 of 20480 bytes failed: Somente uma parte de um pedido ReadProcessMemory ou WriteProcessMemory foi concluída. (0x12B)
[0130/125137.744:ERROR:process_memory_win.cc(73)] ReadMemory at 0x8ce47fb000 of 20480 bytes failed: Somente uma parte de um pedido ReadProcessMemory ou WriteProcessMemory foi concluída. (0x12B)
[0130/125137.745:ERROR:process_memory_win.cc(73)] ReadMemory at 0x8ce4ffd000 of 12288 bytes failed: Somente uma parte de um pedido ReadProcessMemory ou WriteProcessMemory foi concluída. (0x12B)
[0130/125137.745:ERROR:process_memory_win.cc(73)] ReadMemory at 0x8ce57fb000 of 20480 bytes failed: Somente uma parte de um pedido ReadProcessMemory ou WriteProcessMemory foi concluída. (0x12B)
[0130/125137.745:ERROR:process_memory_win.cc(73)] ReadMemory at 0x8ce5ffa000 of 24576 bytes failed: Somente uma parte de um pedido ReadProcessMemory ou WriteProcessMemory foi concluída. (0x12B)
[0130/125137.746:ERROR:process_memory_win.cc(73)] ReadMemory at 0x8ce67fd000 of 12288 bytes failed: Somente uma parte de um pedido ReadProcessMemory ou WriteProcessMemory foi concluída. (0x12B)
[0130/125137.747:ERROR:process_memory_win.cc(73)] ReadMemory at 0x8ce6ff8000 of 32768 bytes failed: Somente uma parte de um pedido ReadProcessMemory ou WriteProcessMemory foi concluída. (0x12B)
[0130/125137.747:ERROR:process_memory_win.cc(73)] ReadMemory at 0x8ce77f7000 of 36864 bytes failed: Somente uma parte de um pedido ReadProcessMemory ou WriteProcessMemory foi concluída. (0x12B)
[0130/125137.748:ERROR:process_memory_win.cc(73)] ReadMemory at 0x8ce87fc000 of 16384 bytes failed: Somente uma parte de um pedido ReadProcessMemory ou WriteProcessMemory foi concluída. (0x12B)
[0130/125137.749:ERROR:process_memory_win.cc(73)] ReadMemory at 0x8cdff90000 of 852 bytes failed: Somente uma parte de um pedido ReadProcessMemory ou WriteProcessMemory foi concluída. (0x12B)
[0130/125137.749:ERROR:process_memory_win.cc(73)] ReadMemory at 0x8cdff91000 of 6024 bytes failed: Somente uma parte de um pedido ReadProcessMemory ou WriteProcessMemory foi concluída. (0x12B)
[0130/125137.750:ERROR:process_memory_win.cc(73)] ReadMemory at 0x8cdff93000 of 6024 bytes failed: Somente uma parte de um pedido ReadProcessMemory ou WriteProcessMemory foi concluída. (0x12B)
[0130/125137.750:ERROR:process_memory_win.cc(73)] ReadMemory at 0x8cdff95000 of 6024 bytes failed: Somente uma parte de um pedido ReadProcessMemory ou WriteProcessMemory foi concluída. (0x12B)
[0130/125137.751:ERROR:process_memory_win.cc(73)] ReadMemory at 0x8cdff97000 of 6024 bytes failed: Somente uma parte de um pedido ReadProcessMemory ou WriteProcessMemory foi concluída. (0x12B)
[0130/125137.751:ERROR:process_memory_win.cc(73)] ReadMemory at 0x8cdff99000 of 6024 bytes failed: Somente uma parte de um pedido ReadProcessMemory ou WriteProcessMemory foi concluída. (0x12B)
[0130/125137.752:ERROR:process_memory_win.cc(73)] ReadMemory at 0x8cdff9b000 of 6024 bytes failed: Somente uma parte de um pedido ReadProcessMemory ou WriteProcessMemory foi concluída. (0x12B)
[0130/125137.752:ERROR:process_memory_win.cc(73)] ReadMemory at 0x8cdff9d000 of 6024 bytes failed: Somente uma parte de um pedido ReadProcessMemory ou WriteProcessMemory foi concluída. (0x12B)
[0130/125137.753:ERROR:process_memory_win.cc(73)] ReadMemory at 0x8cdff9f000 of 6024 bytes failed: Somente uma parte de um pedido ReadProcessMemory ou WriteProcessMemory foi concluída. (0x12B)
[0130/125137.753:ERROR:process_memory_win.cc(73)] ReadMemory at 0x8cdffa1000 of 6024 bytes failed: Somente uma parte de um pedido ReadProcessMemory ou WriteProcessMemory foi concluída. (0x12B)
[0130/125137.754:ERROR:process_memory_win.cc(73)] ReadMemory at 0x8cdffa3000 of 6024 bytes failed: Somente uma parte de um pedido ReadProcessMemory ou WriteProcessMemory foi concluída. (0x12B)
[0130/125137.754:ERROR:process_memory_win.cc(73)] ReadMemory at 0x8cdffa5000 of 6024 bytes failed: Somente uma parte de um pedido ReadProcessMemory ou WriteProcessMemory foi concluída. (0x12B)
[0130/125137.755:ERROR:process_memory_win.cc(73)] ReadMemory at 0x8cdffa7000 of 6024 bytes failed: Somente uma parte de um pedido ReadProcessMemory ou WriteProcessMemory foi concluída. (0x12B)
[0130/125137.755:ERROR:process_memory_win.cc(73)] ReadMemory at 0x8cdffa9000 of 6024 bytes failed: Somente uma parte de um pedido ReadProcessMemory ou WriteProcessMemory foi concluída. (0x12B)
[0130/125137.755:ERROR:process_memory_win.cc(73)] ReadMemory at 0x8cdffab000 of 6024 bytes failed: Somente uma parte de um pedido ReadProcessMemory ou WriteProcessMemory foi concluída. (0x12B)
[0130/125137.756:ERROR:process_memory_win.cc(73)] ReadMemory at 0x8cdffad000 of 6024 bytes failed: Somente uma parte de um pedido ReadProcessMemory ou WriteProcessMemory foi concluída. (0x12B)
[0130/125137.756:ERROR:process_memory_win.cc(73)] ReadMemory at 0x8cdffb1000 of 6024 bytes failed: Somente uma parte de um pedido ReadProcessMemory ou WriteProcessMemory foi concluída. (0x12B)
[0130/125137.757:ERROR:process_memory_win.cc(73)] ReadMemory at 0x20ecb860750 of 80 bytes failed: Somente uma parte de um pedido ReadProcessMemory ou WriteProcessMemory foi concluída. (0x12B)
[0130/125137.757:ERROR:process_memory_win.cc(73)] ReadMemory at 0x20ecb860fe0 of 7758 bytes failed: Somente uma parte de um pedido ReadProcessMemory ou WriteProcessMemory foi concluída. (0x12B)
[0130/125137.757:ERROR:process_memory_win.cc(73)] ReadMemory at 0x20ecb862e40 of 1012 bytes failed: Somente uma parte de um pedido ReadProcessMemory ou WriteProcessMemory foi concluída. (0x12B)
[0130/125137.758:ERROR:process_memory_win.cc(73)] ReadMemory at 0x20ecb863488 of 118 bytes failed: Somente uma parte de um pedido ReadProcessMemory ou WriteProcessMemory foi concluída. (0x12B)
[0130/125137.758:ERROR:process_memory_win.cc(73)] ReadMemory at 0x20ecb863500 of 1398 bytes failed: Somente uma parte de um pedido ReadProcessMemory ou WriteProcessMemory foi concluída. (0x12B)
[0130/125137.759:ERROR:process_memory_win.cc(73)] ReadMemory at 0x20ecb863a78 of 118 bytes failed: Somente uma parte de um pedido ReadProcessMemory ou WriteProcessMemory foi concluída. (0x12B)
[0130/125137.759:ERROR:process_memory_win.cc(73)] ReadMemory at 0x20ecb863af0 of 96 bytes failed: Somente uma parte de um pedido ReadProcessMemory ou WriteProcessMemory foi concluída. (0x12B)
[0130/125137.759:ERROR:process_memory_win.cc(73)] ReadMemory at 0x20ecb863b60 of 58 bytes failed: Somente uma parte de um pedido ReadProcessMemory ou WriteProcessMemory foi concluída. (0x12B)
[0130/125137.759:ERROR:process_memory_win.cc(73)] ReadMemory at 0x20ecb863c60 of 132 bytes failed: Somente uma parte de um pedido ReadProcessMemory ou WriteProcessMemory foi concluída. (0x12B)
[0130/125137.760:ERROR:process_memory_win.cc(73)] ReadMemory at 0x20ecb863df0 of 132 bytes failed: Somente uma parte de um pedido ReadProcessMemory ou WriteProcessMemory foi concluída. (0x12B)
[0130/125137.760:ERROR:process_memory_win.cc(73)] ReadMemory at 0x20ecb863fb0 of 126 bytes failed: Somente uma parte de um pedido ReadProcessMemory ou WriteProcessMemory foi concluída. (0x12B)
[0130/125137.760:ERROR:process_memory_win.cc(73)] ReadMemory at 0x20ecb864390 of 132 bytes failed: Somente uma parte de um pedido ReadProcessMemory ou WriteProcessMemory foi concluída. (0x12B)
[0130/125137.761:ERROR:process_memory_win.cc(73)] ReadMemory at 0x20ecb864520 of 64 bytes failed: Somente uma parte de um pedido ReadProcessMemory ou WriteProcessMemory foi concluída. (0x12B)
[0130/125137.761:ERROR:process_memory_win.cc(73)] ReadMemory at 0x20ecb8646e0 of 132 bytes failed: Somente uma parte de um pedido ReadProcessMemory ou WriteProcessMemory foi concluída. (0x12B)
[0130/125137.762:ERROR:process_memory_win.cc(73)] ReadMemory at 0x20ecb864980 of 132 bytes failed: Somente uma parte de um pedido ReadProcessMemory ou WriteProcessMemory foi concluída. (0x12B)
[0130/125137.762:ERROR:process_memory_win.cc(73)] ReadMemory at 0x20ecb864b10 of 68 bytes failed: Somente uma parte de um pedido ReadProcessMemory ou WriteProcessMemory foi concluída. (0x12B)
[0130/125137.762:ERROR:process_memory_win.cc(73)] ReadMemory at 0x20ecb865c40 of 158 bytes failed: Somente uma parte de um pedido ReadProcessMemory ou WriteProcessMemory foi concluída. (0x12B)
[0130/125137.763:ERROR:process_memory_win.cc(73)] ReadMemory at 0x20ecb865d20 of 132 bytes failed: Somente uma parte de um pedido ReadProcessMemory ou WriteProcessMemory foi concluída. (0x12B)
[0130/125137.763:ERROR:process_memory_win.cc(73)] ReadMemory at 0x20ecb865eb0 of 154 bytes failed: Somente uma parte de um pedido ReadProcessMemory ou WriteProcessMemory foi concluída. (0x12B)
[0130/125137.763:ERROR:process_memory_win.cc(73)] ReadMemory at 0x20ecb866bf0 of 132 bytes failed: Somente uma parte de um pedido ReadProcessMemory ou WriteProcessMemory foi concluída. (0x12B)
[0130/125137.763:ERROR:process_memory_win.cc(73)] ReadMemory at 0x20ecb866d90 of 132 bytes failed: Somente uma parte de um pedido ReadProcessMemory ou WriteProcessMemory foi concluída. (0x12B)
[0130/125137.764:ERROR:process_memory_win.cc(73)] ReadMemory at 0x20ecb867f00 of 60 bytes failed: Somente uma parte de um pedido ReadProcessMemory ou WriteProcessMemory foi concluída. (0x12B)
[0130/125137.764:ERROR:process_memory_win.cc(73)] ReadMemory at 0x20ecb867f50 of 62 bytes failed: Somente uma parte de um pedido ReadProcessMemory ou WriteProcessMemory foi concluída. (0x12B)
[0130/125137.764:ERROR:process_memory_win.cc(73)] ReadMemory at 0x20ecb868240 of 132 bytes failed: Somente uma parte de um pedido ReadProcessMemory ou WriteProcessMemory foi concluída. (0x12B)
[0130/125137.765:ERROR:process_memory_win.cc(73)] ReadMemory at 0x20ecb868590 of 132 bytes failed: Somente uma parte de um pedido ReadProcessMemory ou WriteProcessMemory foi concluída. (0x12B)
[0130/125137.765:ERROR:process_memory_win.cc(73)] ReadMemory at 0x20ecb868800 of 132 bytes failed: Somente uma parte de um pedido ReadProcessMemory ou WriteProcessMemory foi concluída. (0x12B)
[0130/125137.765:ERROR:process_memory_win.cc(73)] ReadMemory at 0x20ecb868a10 of 132 bytes failed: Somente uma parte de um pedido ReadProcessMemory ou WriteProcessMemory foi concluída. (0x12B)
[0130/125137.766:ERROR:process_memory_win.cc(73)] ReadMemory at 0x20ecb868d40 of 132 bytes failed: Somente uma parte de um pedido ReadProcessMemory ou WriteProcessMemory foi concluída. (0x12B)
[0130/125137.766:ERROR:process_memory_win.cc(73)] ReadMemory at 0x20ecb86bdd0 of 66 bytes failed: Somente uma parte de um pedido ReadProcessMemory ou WriteProcessMemory foi concluída. (0x12B)
[0130/125137.766:ERROR:process_memory_win.cc(73)] ReadMemory at 0x20ecb86be20 of 64 bytes failed: Somente uma parte de um pedido ReadProcessMemory ou WriteProcessMemory foi concluída. (0x12B)
[0130/125137.767:ERROR:process_memory_win.cc(73)] ReadMemory at 0x20ecb86be70 of 62 bytes failed: Somente uma parte de um pedido ReadProcessMemory ou WriteProcessMemory foi concluída. (0x12B)
[0130/125137.767:ERROR:process_memory_win.cc(73)] ReadMemory at 0x20ecb86bf60 of 64 bytes failed: Somente uma parte de um pedido ReadProcessMemory ou WriteProcessMemory foi concluída. (0x12B)
[0130/125137.767:ERROR:process_memory_win.cc(73)] ReadMemory at 0x20ecb86bfb0 of 60 bytes failed: Somente uma parte de um pedido ReadProcessMemory ou WriteProcessMemory foi concluída. (0x12B)
[0130/125137.767:ERROR:process_memory_win.cc(73)] ReadMemory at 0x20ecb86c000 of 64 bytes failed: Somente uma parte de um pedido ReadProcessMemory ou WriteProcessMemory foi concluída. (0x12B)
[0130/125137.768:ERROR:process_memory_win.cc(73)] ReadMemory at 0x20ecb86c050 of 60 bytes failed: Somente uma parte de um pedido ReadProcessMemory ou WriteProcessMemory foi concluída. (0x12B)
[0130/125137.768:ERROR:process_memory_win.cc(73)] ReadMemory at 0x20ecb86c190 of 62 bytes failed: Somente uma parte de um pedido ReadProcessMemory ou WriteProcessMemory foi concluída. (0x12B)
[0130/125137.769:ERROR:process_memory_win.cc(73)] ReadMemory at 0x20ecb86c370 of 64 bytes failed: Somente uma parte de um pedido ReadProcessMemory ou WriteProcessMemory foi concluída. (0x12B)
[0130/125137.769:ERROR:process_memory_win.cc(73)] ReadMemory at 0x20ecb86c450 of 132 bytes failed: Somente uma parte de um pedido ReadProcessMemory ou WriteProcessMemory foi concluída. (0x12B)
[0130/125137.769:ERROR:process_memory_win.cc(73)] ReadMemory at 0x20ecb86c580 of 132 bytes failed: Somente uma parte de um pedido ReadProcessMemory ou WriteProcessMemory foi concluída. (0x12B)
[0130/125137.769:ERROR:process_memory_win.cc(73)] ReadMemory at 0x20ecb86c6b0 of 132 bytes failed: Somente uma parte de um pedido ReadProcessMemory ou WriteProcessMemory foi concluída. (0x12B)
[0130/125137.770:ERROR:process_memory_win.cc(73)] ReadMemory at 0x20ecb86c7e0 of 132 bytes failed: Somente uma parte de um pedido ReadProcessMemory ou WriteProcessMemory foi concluída. (0x12B)
[0130/125137.770:ERROR:process_memory_win.cc(73)] ReadMemory at 0x20ecb86ca40 of 132 bytes failed: Somente uma parte de um pedido ReadProcessMemory ou WriteProcessMemory foi concluída. (0x12B)
[0130/125137.771:ERROR:process_memory_win.cc(73)] ReadMemory at 0x20ecb86cb70 of 132 bytes failed: Somente uma parte de um pedido ReadProcessMemory ou WriteProcessMemory foi concluída. (0x12B)
[0130/125137.771:ERROR:process_memory_win.cc(73)] ReadMemory at 0x20ecb86cca0 of 132 bytes failed: Somente uma parte de um pedido ReadProcessMemory ou WriteProcessMemory foi concluída. (0x12B)
[0130/125137.771:ERROR:process_memory_win.cc(73)] ReadMemory at 0x20ecb86cdd0 of 132 bytes failed: Somente uma parte de um pedido ReadProcessMemory ou WriteProcessMemory foi concluída. (0x12B)
[0130/125137.772:ERROR:process_memory_win.cc(73)] ReadMemory at 0x20ecb86cf00 of 132 bytes failed: Somente uma parte de um pedido ReadProcessMemory ou WriteProcessMemory foi concluída. (0x12B)
[0130/125137.772:ERROR:process_memory_win.cc(73)] ReadMemory at 0x20ecb86d030 of 132 bytes failed: Somente uma parte de um pedido ReadProcessMemory ou WriteProcessMemory foi concluída. (0x12B)
[0130/125137.772:ERROR:process_memory_win.cc(73)] ReadMemory at 0x20ecb86d160 of 132 bytes failed: Somente uma parte de um pedido ReadProcessMemory ou WriteProcessMemory foi concluída. (0x12B)
[0130/125137.773:ERROR:process_memory_win.cc(73)] ReadMemory at 0x20ecb86d290 of 132 bytes failed: Somente uma parte de um pedido ReadProcessMemory ou WriteProcessMemory foi concluída. (0x12B)
[0130/125137.773:ERROR:process_memory_win.cc(73)] ReadMemory at 0x20ecb86d940 of 78 bytes failed: Somente uma parte de um pedido ReadProcessMemory ou WriteProcessMemory foi concluída. (0x12B)
[0130/125137.773:ERROR:process_memory_win.cc(73)] ReadMemory at 0x20ecb86ddc0 of 76 bytes failed: Somente uma parte de um pedido ReadProcessMemory ou WriteProcessMemory foi concluída. (0x12B)
[0130/125137.774:ERROR:process_memory_win.cc(73)] ReadMemory at 0x20ecb870610 of 54 bytes failed: Somente uma parte de um pedido ReadProcessMemory ou WriteProcessMemory foi concluída. (0x12B)
[0130/125137.774:ERROR:process_memory_win.cc(73)] ReadMemory at 0x20ecb871ff0 of 132 bytes failed: Somente uma parte de um pedido ReadProcessMemory ou WriteProcessMemory foi concluída. (0x12B)
[0130/125137.774:ERROR:process_memory_win.cc(73)] ReadMemory at 0x20ecb8725e0 of 132 bytes failed: Somente uma parte de um pedido ReadProcessMemory ou WriteProcessMemory foi concluída. (0x12B)
[0130/125137.774:ERROR:process_memory_win.cc(73)] ReadMemory at 0x20ecb876130 of 132 bytes failed: Somente uma parte de um pedido ReadProcessMemory ou WriteProcessMemory foi concluída. (0x12B)
[0130/125137.775:ERROR:process_memory_win.cc(73)] ReadMemory at 0x20ecb8764e0 of 132 bytes failed: Somente uma parte de um pedido ReadProcessMemory ou WriteProcessMemory foi concluída. (0x12B)
[0130/125137.775:ERROR:process_memory_win.cc(73)] ReadMemory at 0x20ecb876ba0 of 64 bytes failed: Somente uma parte de um pedido ReadProcessMemory ou WriteProcessMemory foi concluída. (0x12B)
[0130/125137.775:ERROR:process_memory_win.cc(73)] ReadMemory at 0x20ecb876c40 of 58 bytes failed: Somente uma parte de um pedido ReadProcessMemory ou WriteProcessMemory foi concluída. (0x12B)
[0130/125137.776:ERROR:process_memory_win.cc(73)] ReadMemory at 0x20ecb876dd0 of 64 bytes failed: Somente uma parte de um pedido ReadProcessMemory ou WriteProcessMemory foi concluída. (0x12B)
[0130/125137.776:ERROR:process_memory_win.cc(73)] ReadMemory at 0x20ecb876e70 of 62 bytes failed: Somente uma parte de um pedido ReadProcessMemory ou WriteProcessMemory foi concluída. (0x12B)
[0130/125137.776:ERROR:process_memory_win.cc(73)] ReadMemory at 0x20ecb876f60 of 62 bytes failed: Somente uma parte de um pedido ReadProcessMemory ou WriteProcessMemory foi concluída. (0x12B)
[0130/125137.776:ERROR:process_memory_win.cc(73)] ReadMemory at 0x20ecb876fb0 of 62 bytes failed: Somente uma parte de um pedido ReadProcessMemory ou WriteProcessMemory foi concluída. (0x12B)
[0130/125137.777:ERROR:process_memory_win.cc(73)] ReadMemory at 0x20ecb877000 of 60 bytes failed: Somente uma parte de um pedido ReadProcessMemory ou WriteProcessMemory foi concluída. (0x12B)
[0130/125137.777:ERROR:process_memory_win.cc(73)] ReadMemory at 0x20ecb8770a0 of 64 bytes failed: Somente uma parte de um pedido ReadProcessMemory ou WriteProcessMemory foi concluída. (0x12B)
[0130/125137.777:ERROR:process_memory_win.cc(73)] ReadMemory at 0x20ecb877190 of 62 bytes failed: Somente uma parte de um pedido ReadProcessMemory ou WriteProcessMemory foi concluída. (0x12B)
[0130/125137.778:ERROR:process_memory_win.cc(73)] ReadMemory at 0x20ecb8771e0 of 60 bytes failed: Somente uma parte de um pedido ReadProcessMemory ou WriteProcessMemory foi concluída. (0x12B)
[0130/125137.778:ERROR:process_memory_win.cc(73)] ReadMemory at 0x20ecb877280 of 62 bytes failed: Somente uma parte de um pedido ReadProcessMemory ou WriteProcessMemory foi concluída. (0x12B)
[0130/125137.779:ERROR:process_memory_win.cc(73)] ReadMemory at 0x20ecb877320 of 66 bytes failed: Somente uma parte de um pedido ReadProcessMemory ou WriteProcessMemory foi concluída. (0x12B)
[0130/125137.779:ERROR:process_memory_win.cc(73)] ReadMemory at 0x20ecb8773c0 of 58 bytes failed: Somente uma parte de um pedido ReadProcessMemory ou WriteProcessMemory foi concluída. (0x12B)
[0130/125137.779:ERROR:process_memory_win.cc(73)] ReadMemory at 0x20ecb877410 of 62 bytes failed: Somente uma parte de um pedido ReadProcessMemory ou WriteProcessMemory foi concluída. (0x12B)
[0130/125137.780:ERROR:process_memory_win.cc(73)] ReadMemory at 0x20ecb8774b0 of 62 bytes failed: Somente uma parte de um pedido ReadProcessMemory ou WriteProcessMemory foi concluída. (0x12B)
[0130/125137.780:ERROR:process_memory_win.cc(73)] ReadMemory at 0x20ecb877500 of 64 bytes failed: Somente uma parte de um pedido ReadProcessMemory ou WriteProcessMemory foi concluída. (0x12B)
[0130/125137.780:ERROR:process_memory_win.cc(73)] ReadMemory at 0x20ecb877640 of 62 bytes failed: Somente uma parte de um pedido ReadProcessMemory ou WriteProcessMemory foi concluída. (0x12B)
[0130/125137.780:ERROR:process_memory_win.cc(73)] ReadMemory at 0x20ecb877690 of 64 bytes failed: Somente uma parte de um pedido ReadProcessMemory ou WriteProcessMemory foi concluída. (0x12B)
[0130/125137.781:ERROR:process_memory_win.cc(73)] ReadMemory at 0x20ecb877730 of 60 bytes failed: Somente uma parte de um pedido ReadProcessMemory ou WriteProcessMemory foi concluída. (0x12B)
[0130/125137.781:ERROR:process_memory_win.cc(73)] ReadMemory at 0x20ecb877870 of 62 bytes failed: Somente uma parte de um pedido ReadProcessMemory ou WriteProcessMemory foi concluída. (0x12B)
[0130/125137.781:ERROR:process_memory_win.cc(73)] ReadMemory at 0x20ecb877910 of 60 bytes failed: Somente uma parte de um pedido ReadProcessMemory ou WriteProcessMemory foi concluída. (0x12B)
[0130/125137.781:ERROR:process_memory_win.cc(73)] ReadMemory at 0x20ecb878f90 of 132 bytes failed: Somente uma parte de um pedido ReadProcessMemory ou WriteProcessMemory foi concluída. (0x12B)
[0130/125137.781:ERROR:process_memory_win.cc(73)] ReadMemory at 0x20ecb8790c0 of 132 bytes failed: Somente uma parte de um pedido ReadProcessMemory ou WriteProcessMemory foi concluída. (0x12B)
[0130/125137.782:ERROR:process_memory_win.cc(73)] ReadMemory at 0x20ecb8791f0 of 132 bytes failed: Somente uma parte de um pedido ReadProcessMemory ou WriteProcessMemory foi concluída. (0x12B)
[0130/125137.782:ERROR:process_memory_win.cc(73)] ReadMemory at 0x20ecb879320 of 132 bytes failed: Somente uma parte de um pedido ReadProcessMemory ou WriteProcessMemory foi concluída. (0x12B)
[0130/125137.782:ERROR:process_memory_win.cc(73)] ReadMemory at 0x20ecb879450 of 132 bytes failed: Somente uma parte de um pedido ReadProcessMemory ou WriteProcessMemory foi concluída. (0x12B)
[0130/125137.782:ERROR:process_memory_win.cc(73)] ReadMemory at 0x20ecb879580 of 132 bytes failed: Somente uma parte de um pedido ReadProcessMemory ou WriteProcessMemory foi concluída. (0x12B)
[0130/125137.783:ERROR:process_memory_win.cc(73)] ReadMemory at 0x20ecb8796b0 of 132 bytes failed: Somente uma parte de um pedido ReadProcessMemory ou WriteProcessMemory foi concluída. (0x12B)
[0130/125137.783:ERROR:process_memory_win.cc(73)] ReadMemory at 0x20ecb8797e0 of 132 bytes failed: Somente uma parte de um pedido ReadProcessMemory ou WriteProcessMemory foi concluída. (0x12B)
[0130/125137.783:ERROR:process_memory_win.cc(73)] ReadMemory at 0x20ecb879910 of 132 bytes failed: Somente uma parte de um pedido ReadProcessMemory ou WriteProcessMemory foi concluída. (0x12B)
[0130/125137.783:ERROR:process_memory_win.cc(73)] ReadMemory at 0x20ecb879a40 of 132 bytes failed: Somente uma parte de um pedido ReadProcessMemory ou WriteProcessMemory foi concluída. (0x12B)
[0130/125137.784:ERROR:process_memory_win.cc(73)] ReadMemory at 0x20ecb879b70 of 132 bytes failed: Somente uma parte de um pedido ReadProcessMemory ou WriteProcessMemory foi concluída. (0x12B)
[0130/125137.784:ERROR:process_memory_win.cc(73)] ReadMemory at 0x20ecb879ca0 of 132 bytes failed: Somente uma parte de um pedido ReadProcessMemory ou WriteProcessMemory foi concluída. (0x12B)
[0130/125137.784:ERROR:process_memory_win.cc(73)] ReadMemory at 0x20ecb879dd0 of 132 bytes failed: Somente uma parte de um pedido ReadProcessMemory ou WriteProcessMemory foi concluída. (0x12B)
[0130/125137.784:ERROR:process_memory_win.cc(73)] ReadMemory at 0x20ecb87a160 of 132 bytes failed: Somente uma parte de um pedido ReadProcessMemory ou WriteProcessMemory foi concluída. (0x12B)
[0130/125137.784:ERROR:process_memory_win.cc(73)] ReadMemory at 0x20ecb87a750 of 132 bytes failed: Somente uma parte de um pedido ReadProcessMemory ou WriteProcessMemory foi concluída. (0x12B)
[0130/125137.785:ERROR:process_memory_win.cc(73)] ReadMemory at 0x20ecb87a880 of 132 bytes failed: Somente uma parte de um pedido ReadProcessMemory ou WriteProcessMemory foi concluída. (0x12B)
[0130/125137.785:ERROR:process_memory_win.cc(73)] ReadMemory at 0x20ecb87a9b0 of 132 bytes failed: Somente uma parte de um pedido ReadProcessMemory ou WriteProcessMemory foi concluída. (0x12B)
[0130/125137.785:ERROR:process_memory_win.cc(73)] ReadMemory at 0x20ecb87aae0 of 132 bytes failed: Somente uma parte de um pedido ReadProcessMemory ou WriteProcessMemory foi concluída. (0x12B)
[0130/125137.785:ERROR:process_memory_win.cc(73)] ReadMemory at 0x20ecb87ac10 of 132 bytes failed: Somente uma parte de um pedido ReadProcessMemory ou WriteProcessMemory foi concluída. (0x12B)
[0130/125137.785:ERROR:process_memory_win.cc(73)] ReadMemory at 0x20ecb87ad40 of 132 bytes failed: Somente uma parte de um pedido ReadProcessMemory ou WriteProcessMemory foi concluída. (0x12B)
[0130/125137.786:ERROR:process_memory_win.cc(73)] ReadMemory at 0x20ecb88c3d0 of 60 bytes failed: Somente uma parte de um pedido ReadProcessMemory ou WriteProcessMemory foi concluída. (0x12B)
[0130/125137.786:ERROR:process_memory_win.cc(73)] ReadMemory at 0x20ecb88c510 of 66 bytes failed: Somente uma parte de um pedido ReadProcessMemory ou WriteProcessMemory foi concluída. (0x12B)
[0130/125137.786:ERROR:process_memory_win.cc(73)] ReadMemory at 0x20ecb88c6f0 of 58 bytes failed: Somente uma parte de um pedido ReadProcessMemory ou WriteProcessMemory foi concluída. (0x12B)
[0130/125137.786:ERROR:process_memory_win.cc(73)] ReadMemory at 0x20ecb88c7e0 of 58 bytes failed: Somente uma parte de um pedido ReadProcessMemory ou WriteProcessMemory foi concluída. (0x12B)
[0130/125137.787:ERROR:process_memory_win.cc(73)] ReadMemory at 0x20ecb88cc90 of 62 bytes failed: Somente uma parte de um pedido ReadProcessMemory ou WriteProcessMemory foi concluída. (0x12B)
[0130/125137.787:ERROR:process_memory_win.cc(73)] ReadMemory at 0x20ecb88cd30 of 60 bytes failed: Somente uma parte de um pedido ReadProcessMemory ou WriteProcessMemory foi concluída. (0x12B)
[0130/125137.787:ERROR:process_memory_win.cc(73)] ReadMemory at 0x20ecb88d140 of 62 bytes failed: Somente uma parte de um pedido ReadProcessMemory ou WriteProcessMemory foi concluída. (0x12B)
[0130/125137.787:ERROR:process_memory_win.cc(73)] ReadMemory at 0x20ecb898c00 of 512 bytes failed: Somente uma parte de um pedido ReadProcessMemory ou WriteProcessMemory foi concluída. (0x12B)
[0130/125137.788:ERROR:process_memory_win.cc(73)] ReadMemory at 0x20ecb899750 of 512 bytes failed: Somente uma parte de um pedido ReadProcessMemory ou WriteProcessMemory foi concluída. (0x12B)
[0130/125137.788:ERROR:process_memory_win.cc(73)] ReadMemory at 0x20ecbc17060 of 512 bytes failed: Somente uma parte de um pedido ReadProcessMemory ou WriteProcessMemory foi concluída. (0x12B)
[0130/125137.788:ERROR:process_memory_win.cc(73)] ReadMemory at 0x20ecbc175a0 of 512 bytes failed: Somente uma parte de um pedido ReadProcessMemory ou WriteProcessMemory foi concluída. (0x12B)
[0130/125137.788:ERROR:process_memory_win.cc(73)] ReadMemory at 0x20ecbc1d490 of 512 bytes failed: Somente uma parte de um pedido ReadProcessMemory ou WriteProcessMemory foi concluída. (0x12B)
[0130/125137.788:ERROR:process_memory_win.cc(73)] ReadMemory at 0x20ecbc242a8 of 512 bytes failed: Somente uma parte de um pedido ReadProcessMemory ou WriteProcessMemory foi concluída. (0x12B)
[0130/125137.789:ERROR:process_memory_win.cc(73)] ReadMemory at 0x20ecbc25810 of 512 bytes failed: Somente uma parte de um pedido ReadProcessMemory ou WriteProcessMemory foi concluída. (0x12B)
[0130/125137.789:ERROR:process_memory_win.cc(73)] ReadMemory at 0x20ecbc36b80 of 512 bytes failed: Somente uma parte de um pedido ReadProcessMemory ou WriteProcessMemory foi concluída. (0x12B)
[0130/125137.789:ERROR:process_memory_win.cc(73)] ReadMemory at 0x20ecbc45600 of 712 bytes failed: Somente uma parte de um pedido ReadProcessMemory ou WriteProcessMemory foi concluída. (0x12B)
[0130/125137.789:ERROR:process_memory_win.cc(73)] ReadMemory at 0x20ecddf9008 of 512 bytes failed: Somente uma parte de um pedido ReadProcessMemory ou WriteProcessMemory foi concluída. (0x12B)
[0130/125137.790:ERROR:process_memory_win.cc(73)] ReadMemory at 0x20ecddf9ab8 of 512 bytes failed: Somente uma parte de um pedido ReadProcessMemory ou WriteProcessMemory foi concluída. (0x12B)
[0130/125137.790:ERROR:process_memory_win.cc(73)] ReadMemory at 0x20ecde857a0 of 512 bytes failed: Somente uma parte de um pedido ReadProcessMemory ou WriteProcessMemory foi concluída. (0x12B)
[0130/125137.790:ERROR:process_memory_win.cc(73)] ReadMemory at 0x20ecdec2570 of 512 bytes failed: Somente uma parte de um pedido ReadProcessMemory ou WriteProcessMemory foi concluída. (0x12B)
[0130/125137.790:ERROR:process_memory_win.cc(73)] ReadMemory at 0x20ecdee0a78 of 512 bytes failed: Somente uma parte de um pedido ReadProcessMemory ou WriteProcessMemory foi concluída. (0x12B)
[0130/125137.791:ERROR:process_memory_win.cc(73)] ReadMemory at 0x20ecdf3d000 of 512 bytes failed: Somente uma parte de um pedido ReadProcessMemory ou WriteProcessMemory foi concluída. (0x12B)
[0130/125137.791:ERROR:process_memory_win.cc(73)] ReadMemory at 0x20ecec60000 of 384 bytes failed: Somente uma parte de um pedido ReadProcessMemory ou WriteProcessMemory foi concluída. (0x12B)
[0130/125137.791:ERROR:process_memory_win.cc(73)] ReadMemory at 0x20ececa22ed of 512 bytes failed: Somente uma parte de um pedido ReadProcessMemory ou WriteProcessMemory foi concluída. (0x12B)
[0130/125137.792:ERROR:process_memory_win.cc(73)] ReadMemory at 0x20ececaa7e8 of 528 bytes failed: Somente uma parte de um pedido ReadProcessMemory ou WriteProcessMemory foi concluída. (0x12B)
[0130/125137.792:ERROR:process_memory_win.cc(73)] ReadMemory at 0x20eceddc6b0 of 512 bytes failed: Somente uma parte de um pedido ReadProcessMemory ou WriteProcessMemory foi concluída. (0x12B)
[0130/125137.792:ERROR:process_memory_win.cc(73)] ReadMemory at 0x20ecee6af70 of 512 bytes failed: Somente uma parte de um pedido ReadProcessMemory ou WriteProcessMemory foi concluída. (0x12B)
[0130/125137.792:ERROR:process_memory_win.cc(73)] ReadMemory at 0x20ecf1e3181 of 512 bytes failed: Somente uma parte de um pedido ReadProcessMemory ou WriteProcessMemory foi concluída. (0x12B)
[0130/125137.792:ERROR:process_memory_win.cc(73)] ReadMemory at 0x20ecf765220 of 512 bytes failed: Somente uma parte de um pedido ReadProcessMemory ou WriteProcessMemory foi concluída. (0x12B)
[0130/125137.793:ERROR:process_memory_win.cc(73)] ReadMemory at 0x20ecf821790 of 608 bytes failed: Somente uma parte de um pedido ReadProcessMemory ou WriteProcessMemory foi concluída. (0x12B)
[0130/125137.793:ERROR:process_memory_win.cc(73)] ReadMemory at 0x7ffbdf144ac0 of 512 bytes failed: Somente uma parte de um pedido ReadProcessMemory ou WriteProcessMemory foi concluída. (0x12B)
[0130/125137.793:ERROR:process_memory_win.cc(73)] ReadMemory at 0x7ffbdf5a4ec4 of 512 bytes failed: Somente uma parte de um pedido ReadProcessMemory ou WriteProcessMemory foi concluída. (0x12B)
[0130/125137.793:ERROR:process_memory_win.cc(73)] ReadMemory at 0x7ffbdfdd2ca1 of 512 bytes failed: Somente uma parte de um pedido ReadProcessMemory ou WriteProcessMemory foi concluída. (0x12B)
[0130/125137.794:ERROR:process_memory_win.cc(73)] ReadMemory at 0x7ffbdfdff613 of 512 bytes failed: Somente uma parte de um pedido ReadProcessMemory ou WriteProcessMemory foi concluída. (0x12B)
[0130/125137.794:ERROR:process_memory_win.cc(73)] ReadMemory at 0x7ffbe09af0ec of 512 bytes failed: Somente uma parte de um pedido ReadProcessMemory ou WriteProcessMemory foi concluída. (0x12B)
[0130/125137.794:ERROR:process_memory_win.cc(73)] ReadMemory at 0x7ffc0e47a7b9 of 512 bytes failed: Somente uma parte de um pedido ReadProcessMemory ou WriteProcessMemory foi concluída. (0x12B)
[0130/125137.795:ERROR:process_memory_win.cc(73)] ReadMemory at 0x7ffc0e6ab6d0 of 512 bytes failed: Somente uma parte de um pedido ReadProcessMemory ou WriteProcessMemory foi concluída. (0x12B)
[0130/125137.795:ERROR:process_memory_win.cc(73)] ReadMemory at 0x7ffc1089c0c4 of 672 bytes failed: Somente uma parte de um pedido ReadProcessMemory ou WriteProcessMemory foi concluída. (0x12B)
[0130/125137.795:ERROR:process_memory_win.cc(73)] ReadMemory at 0x7ffc1089c6c4 of 512 bytes failed: Somente uma parte de um pedido ReadProcessMemory ou WriteProcessMemory foi concluída. (0x12B)
[0130/125137.796:ERROR:process_memory_win.cc(73)] ReadMemory at 0x7ffc1089f974 of 608 bytes failed: Somente uma parte de um pedido ReadProcessMemory ou WriteProcessMemory foi concluída. (0x12B)
[0130/125137.796:ERROR:process_memory_win.cc(73)] ReadMemory at 0x7ffc1092c428 of 18 bytes failed: Somente uma parte de um pedido ReadProcessMemory ou WriteProcessMemory foi concluída. (0x12B)
[0130/125137.796:ERROR:process_memory_win.cc(73)] ReadMemory at 0x7ffc1095f4f8 of 40 bytes failed: Somente uma parte de um pedido ReadProcessMemory ou WriteProcessMemory foi concluída. (0x12B)
[0130/125137.796:ERROR:process_memory_win.cc(73)] ReadMemory at 0x7ffc1095f978 of 48 bytes failed: Somente uma parte de um pedido ReadProcessMemory ou WriteProcessMemory foi concluída. (0x12B)
[0130/125137.796:ERROR:process_memory_win.cc(73)] ReadMemory at 0x7ffc109653c0 of 64 bytes failed: Somente uma parte de um pedido ReadProcessMemory ou WriteProcessMemory foi concluída. (0x12B)
[0130/125137.800:ERROR:scoped_process_suspend.cc(40)] NtResumeProcess: Tentou-se acessar um processo de saída. (0xc000010a)
